Mai 23, 2021 12:10:30 PM de.dis.PersistenceManager beginTransaction
INFORMATION: BOT|LSN:0|TAID:81e4ac3f-20ab-4883-ade0-d8f8317882cc
Mai 23, 2021 12:10:30 PM de.dis.PersistenceManager write
INFORMATION: WRITE|LSN:1|TAID:81e4ac3f-20ab-4883-ade0-d8f8317882cc|PAGEID:1|DATA:String1
Mai 23, 2021 12:10:30 PM de.dis.PersistenceManager write
INFORMATION: WRITE|LSN:2|TAID:81e4ac3f-20ab-4883-ade0-d8f8317882cc|PAGEID:2|DATA:String2
Mai 23, 2021 12:10:30 PM de.dis.PersistenceManager write
INFORMATION: WRITE|LSN:3|TAID:81e4ac3f-20ab-4883-ade0-d8f8317882cc|PAGEID:3|DATA:String3
Mai 23, 2021 12:10:30 PM de.dis.PersistenceManager write
INFORMATION: WRITE|LSN:4|TAID:81e4ac3f-20ab-4883-ade0-d8f8317882cc|PAGEID:4|DATA:String4
Mai 23, 2021 12:10:30 PM de.dis.PersistenceManager commit
INFORMATION: COMMIT|LSN:5|TAID:81e4ac3f-20ab-4883-ade0-d8f8317882cc
Mai 23, 2021 12:10:30 PM de.dis.PersistenceManager beginTransaction
INFORMATION: BOT|LSN:6|TAID:914d267d-e177-4a74-9afc-d49c762414e2
Mai 23, 2021 12:10:30 PM de.dis.PersistenceManager write
INFORMATION: WRITE|LSN:7|TAID:914d267d-e177-4a74-9afc-d49c762414e2|PAGEID:11|DATA:String5
Mai 23, 2021 12:10:30 PM de.dis.PersistenceManager write
INFORMATION: WRITE|LSN:8|TAID:914d267d-e177-4a74-9afc-d49c762414e2|PAGEID:12|DATA:String7
Mai 23, 2021 12:10:30 PM de.dis.PersistenceManager write
INFORMATION: WRITE|LSN:9|TAID:914d267d-e177-4a74-9afc-d49c762414e2|PAGEID:13|DATA:String9
Mai 23, 2021 12:10:30 PM de.dis.PersistenceManager write
INFORMATION: WRITE|LSN:10|TAID:914d267d-e177-4a74-9afc-d49c762414e2|PAGEID:14|DATA:String8
Mai 23, 2021 12:10:30 PM de.dis.PersistenceManager commit
INFORMATION: COMMIT|LSN:11|TAID:914d267d-e177-4a74-9afc-d49c762414e2
Mai 23, 2021 12:10:30 PM de.dis.PersistenceManager beginTransaction
INFORMATION: BOT|LSN:12|TAID:71bfa126-1a56-45be-b7ea-f2d5b09104b8
Mai 23, 2021 12:10:30 PM de.dis.PersistenceManager write
INFORMATION: WRITE|LSN:13|TAID:71bfa126-1a56-45be-b7ea-f2d5b09104b8|PAGEID:21|DATA:Das hier ist nicht committed
Mai 23, 2021 12:10:30 PM de.dis.PersistenceManager write
INFORMATION: WRITE|LSN:14|TAID:71bfa126-1a56-45be-b7ea-f2d5b09104b8|PAGEID:22|DATA:Das auch nicht